<?xml version="1.0" encoding="UTF-8"?>
<testng-results total="3" passed="3" failed="0" skipped="0">
  <reporter-output>
  </reporter-output>
  <suite started-at="2024-04-19T13:43:55Z" name="Default suite" finished-at="2024-04-19T13:43:56Z" duration-ms="564">
    <groups>
    </groups>
    <test started-at="2024-04-19T13:43:55Z" name="Default test" finished-at="2024-04-19T13:43:56Z" duration-ms="564">
      <class name="Module_Practices.Excel_DataProvider">
        <test-method signature="dataTest(java.lang.String, java.lang.String, java.lang.String)[pri:0, instance:Module_Practices.Excel_DataProvider@79517588]" started-at="2024-04-19T19:13:56Z" name="dataTest" data-provider="Handle data" finished-at="2024-04-19T19:13:56Z" duration-ms="8" status="PASS">
          <params>
            <param index="0">
              <value>
                <![CDATA[Like]]>
              </value>
            </param>
            <param index="1">
              <value>
                <![CDATA[Instagram]]>
              </value>
            </param>
            <param index="2">
              <value>
                <![CDATA[10]]>
              </value>
            </param>
          </params>
          <reporter-output>
          </reporter-output>
        </test-method> <!-- dataTest -->
        <test-method signature="dataTest(java.lang.String, java.lang.String, java.lang.String)[pri:0, instance:Module_Practices.Excel_DataProvider@79517588]" started-at="2024-04-19T19:13:56Z" name="dataTest" data-provider="Handle data" finished-at="2024-04-19T19:13:56Z" duration-ms="0" status="PASS">
          <params>
            <param index="0">
              <value>
                <![CDATA[Hate]]>
              </value>
            </param>
            <param index="1">
              <value>
                <![CDATA[Facebook]]>
              </value>
            </param>
            <param index="2">
              <value>
                <![CDATA[1]]>
              </value>
            </param>
          </params>
          <reporter-output>
          </reporter-output>
        </test-method> <!-- dataTest -->
        <test-method signature="dataTest(java.lang.String, java.lang.String, java.lang.String)[pri:0, instance:Module_Practices.Excel_DataProvider@79517588]" started-at="2024-04-19T19:13:56Z" name="dataTest" data-provider="Handle data" finished-at="2024-04-19T19:13:56Z" duration-ms="1" status="PASS">
          <params>
            <param index="0">
              <value>
                <![CDATA[Love]]>
              </value>
            </param>
            <param index="1">
              <value>
                <![CDATA[Youtube]]>
              </value>
            </param>
            <param index="2">
              <value>
                <![CDATA[25]]>
              </value>
            </param>
          </params>
          <reporter-output>
          </reporter-output>
        </test-method> <!-- dataTest -->
      </class> <!-- Module_Practices.Excel_DataProvider -->
    </test> <!-- Default test -->
  </suite> <!-- Default suite -->
</testng-results>
