<?xml version="1.0" encoding="UTF-8"?>
<testng-results total="1" passed="1" failed="0" skipped="0">
  <reporter-output>
  </reporter-output>
  <suite started-at="2024-03-30T14:08:03Z" name="Default suite" finished-at="2024-03-30T14:08:35Z" duration-ms="32078">
    <groups>
    </groups>
    <test started-at="2024-03-30T14:08:03Z" name="Default test" finished-at="2024-03-30T14:08:35Z" duration-ms="32078">
      <class name="testSuite.TestCase1_RegisterUser">
        <test-method is-config="true" signature="SetUp()[pri:0, instance:testSuite.TestCase1_RegisterUser@16eccb2e]" started-at="2024-03-30T19:38:03Z" name="SetUp" finished-at="2024-03-30T19:38:10Z" duration-ms="6855" status="PASS">
          <reporter-output>
          </reporter-output>
        </test-method> <!-- SetUp -->
        <test-method signature="TestCase1()[pri:0, instance:testSuite.TestCase1_RegisterUser@16eccb2e]" started-at="2024-03-30T19:38:10Z" name="TestCase1" finished-at="2024-03-30T19:38:35Z" duration-ms="24989" status="PASS">
          <reporter-output>
          </reporter-output>
        </test-method> <!-- TestCase1 -->
        <test-method is-config="true" signature="tearDown()[pri:0, instance:testSuite.TestCase1_RegisterUser@16eccb2e]" started-at="2024-03-30T19:38:35Z" name="tearDown" finished-at="2024-03-30T19:38:35Z" duration-ms="219" status="PASS">
          <reporter-output>
          </reporter-output>
        </test-method> <!-- tearDown -->
      </class> <!-- testSuite.TestCase1_RegisterUser -->
    </test> <!-- Default test -->
  </suite> <!-- Default suite -->
</testng-results>
